2011-05-11 22:34:08 Notice: Notice (1024): Please change the value of 'Security.salt' in app/config/core.php to a salt value specific to your application in [/Applications/MAMP/htdocs/youris/cake/libs/debugger.php, line 684]
2011-05-11 22:34:08 Notice: Notice (1024): Please change the value of 'Security.cipherSeed' in app/config/core.php to a numeric (digits only) seed value specific to your application in [/Applications/MAMP/htdocs/youris/cake/libs/debugger.php, line 688]
2011-05-12 11:43:12 Notice: Notice (8): Undefined property: View::$pageTitle in [/Applications/MAMP/htdocs/youris/app/views/laws/index.ctp, line 1]
2011-05-12 11:43:58 Notice: Notice (8): Undefined property: View::$pageTitle in [/Applications/MAMP/htdocs/youris/app/views/laws/index.ctp, line 1]
2011-05-12 11:44:41 Notice: Notice (8): Undefined variable: pageTitle in [/Applications/MAMP/htdocs/youris/app/views/laws/index.ctp, line 1]
2011-05-12 16:21:44 Notice: Notice (8): Undefined index: title in [/Applications/MAMP/htdocs/youris/app/views/laws/index.ctp, line 10]
2011-05-13 19:49:26 Notice: Notice (8): Undefined offset: 0 in [/Applications/MAMP/htdocs/youris/app/views/laws/index.ctp, line 12]
2011-05-13 19:49:26 Notice: Notice (8): Undefined offset: 1 in [/Applications/MAMP/htdocs/youris/app/views/laws/index.ctp, line 13]
2011-05-13 19:50:02 Notice: Notice (8): Undefined offset: 0 in [/Applications/MAMP/htdocs/youris/app/views/laws/index.ctp, line 12]
2011-05-13 19:50:02 Notice: Notice (8): Undefined offset: 1 in [/Applications/MAMP/htdocs/youris/app/views/laws/index.ctp, line 13]
2011-05-13 19:50:36 Notice: Notice (8): Undefined offset: 0 in [/Applications/MAMP/htdocs/youris/app/views/laws/index.ctp, line 12]
2011-05-13 19:50:36 Notice: Notice (8): Undefined offset: 1 in [/Applications/MAMP/htdocs/youris/app/views/laws/index.ctp, line 13]
2011-05-13 19:51:01 Notice: Notice (8): Undefined offset: 0 in [/Applications/MAMP/htdocs/youris/app/views/laws/index.ctp, line 12]
2011-05-13 19:51:01 Notice: Notice (8): Undefined offset: 1 in [/Applications/MAMP/htdocs/youris/app/views/laws/index.ctp, line 13]
2011-05-13 19:51:03 Notice: Notice (8): Undefined offset: 0 in [/Applications/MAMP/htdocs/youris/app/views/laws/index.ctp, line 12]
2011-05-13 19:51:03 Notice: Notice (8): Undefined offset: 1 in [/Applications/MAMP/htdocs/youris/app/views/laws/index.ctp, line 13]
2011-05-13 19:51:04 Notice: Notice (8): Undefined offset: 0 in [/Applications/MAMP/htdocs/youris/app/views/laws/index.ctp, line 12]
2011-05-13 19:51:04 Notice: Notice (8): Undefined offset: 1 in [/Applications/MAMP/htdocs/youris/app/views/laws/index.ctp, line 13]
2011-05-13 19:51:04 Notice: Notice (8): Undefined offset: 0 in [/Applications/MAMP/htdocs/youris/app/views/laws/index.ctp, line 12]
2011-05-13 19:51:04 Notice: Notice (8): Undefined offset: 1 in [/Applications/MAMP/htdocs/youris/app/views/laws/index.ctp, line 13]
2011-05-13 19:51:57 Notice: Notice (8): Undefined offset: 1 in [/Applications/MAMP/htdocs/youris/app/views/laws/index.ctp, line 13]
2011-05-25 22:36:42 Notice: Notice (8): Undefined variable: javascript in [/Applications/MAMP/htdocs/youris/app/views/layouts/default.ctp, line 37]
2011-05-25 22:36:46 Notice: Notice (8): Undefined variable: javascript in [/Applications/MAMP/htdocs/youris/app/views/layouts/default.ctp, line 37]
2011-05-25 22:38:32 Notice: Notice (8): Undefined property: View::$Javascript in [/Applications/MAMP/htdocs/youris/app/views/layouts/default.ctp, line 37]
2011-05-25 22:40:24 Notice: Notice (8): Undefined variable: javascript in [/Applications/MAMP/htdocs/youris/app/views/layouts/default.ctp, line 37]
2011-05-25 22:41:07 Notice: Notice (8): Undefined variable: javascript in [/Applications/MAMP/htdocs/youris/app/views/layouts/default.ctp, line 37]
2011-05-25 22:41:08 Notice: Notice (8): Undefined variable: javascript in [/Applications/MAMP/htdocs/youris/app/views/layouts/default.ctp, line 37]
2011-05-25 22:41:09 Notice: Notice (8): Undefined variable: javascript in [/Applications/MAMP/htdocs/youris/app/views/layouts/default.ctp, line 37]
2011-05-25 22:41:09 Notice: Notice (8): Undefined variable: javascript in [/Applications/MAMP/htdocs/youris/app/views/layouts/default.ctp, line 37]
2011-05-25 22:41:24 Notice: Notice (8): Undefined variable: javascript in [/Applications/MAMP/htdocs/youris/app/views/layouts/default.ctp, line 37]
2011-05-25 22:43:54 Notice: Notice (8): Undefined property: TinyMceHelper::$default in [/Applications/MAMP/htdocs/youris/app/views/helpers/tiny_mce.php, line 21]
